<?xml version="1.0" encoding="UTF-8"?>
<testng-results total="0" passed="0" failed="0" skipped="0">
  <reporter-output>
  </reporter-output>
  <suite started-at="2020-11-04T01:59:11Z" name="com.adriens.AppTest" finished-at="2020-11-04T01:59:11Z" duration-ms="1">
    <groups>
    </groups>
    <test started-at="2020-11-04T01:59:11Z" name="Command line test" finished-at="2020-11-04T01:59:11Z" duration-ms="1">
    </test> <!-- Command line test -->
  </suite> <!-- com.adriens.AppTest -->
</testng-results>
